{"C:\\Users\\USER\\Desktop\\Escuela\\TalentTech\\Programacion_Avanzada\\ejercicios\\backend\\res\\index.js": {"path":"C:\\Users\\USER\\Desktop\\Escuela\\TalentTech\\Programacion_Avanzada\\ejercicios\\backend\\res\\index.js","statementMap":{"0":{"start":{"line":2,"column":17},"end":{"line":2,"column":36}},"1":{"start":{"line":3,"column":16},"end":{"line":3,"column":34}},"2":{"start":{"line":4,"column":15},"end":{"line":4,"column":35}},"3":{"start":{"line":5,"column":23},"end":{"line":5,"column":46}},"4":{"start":{"line":6,"column":15},"end":{"line":6,"column":42}},"5":{"start":{"line":9,"column":0},"end":{"line":9,"column":27}},"6":{"start":{"line":11,"column":15},"end":{"line":11,"column":39}},"7":{"start":{"line":14,"column":12},"end":{"line":14,"column":21}},"8":{"start":{"line":15,"column":15},"end":{"line":15,"column":31}},"9":{"start":{"line":16,"column":13},"end":{"line":16,"column":17}},"10":{"start":{"line":19,"column":13},"end":{"line":19,"column":40}},"11":{"start":{"line":20,"column":11},"end":{"line":20,"column":23}},"12":{"start":{"line":23,"column":0},"end":{"line":23,"column":25}},"13":{"start":{"line":26,"column":20},"end":{"line":26,"column":52}},"14":{"start":{"line":27,"column":21},"end":{"line":27,"column":54}},"15":{"start":{"line":28,"column":20},"end":{"line":28,"column":53}},"16":{"start":{"line":29,"column":22},"end":{"line":29,"column":49}},"17":{"start":{"line":32,"column":0},"end":{"line":32,"column":48}},"18":{"start":{"line":33,"column":0},"end":{"line":33,"column":24}},"19":{"start":{"line":36,"column":0},"end":{"line":49,"column":3}},"20":{"start":{"line":37,"column":4},"end":{"line":37,"column":27}},"21":{"start":{"line":39,"column":4},"end":{"line":48,"column":7}},"22":{"start":{"line":40,"column":23},"end":{"line":40,"column":39}},"23":{"start":{"line":41,"column":8},"end":{"line":41,"column":30}},"24":{"start":{"line":43,"column":8},"end":{"line":47,"column":11}},"25":{"start":{"line":44,"column":12},"end":{"line":44,"column":62}},"26":{"start":{"line":46,"column":12},"end":{"line":46,"column":62}},"27":{"start":{"line":51,"column":0},"end":{"line":53,"column":2}},"28":{"start":{"line":52,"column":4},"end":{"line":52,"column":30}},"29":{"start":{"line":54,"column":0},"end":{"line":57,"column":3}},"30":{"start":{"line":55,"column":4},"end":{"line":55,"column":16}},"31":{"start":{"line":56,"column":4},"end":{"line":56,"column":11}},"32":{"start":{"line":60,"column":0},"end":{"line":62,"column":3}},"33":{"start":{"line":61,"column":4},"end":{"line":61,"column":29}},"34":{"start":{"line":64,"column":13},"end":{"line":66,"column":2}},"35":{"start":{"line":67,"column":0},"end":{"line":67,"column":25}},"36":{"start":{"line":70,"column":0},"end":{"line":70,"column":16}},"37":{"start":{"line":71,"column":0},"end":{"line":71,"column":26}},"38":{"start":{"line":72,"column":0},"end":{"line":72,"column":27}},"39":{"start":{"line":73,"column":0},"end":{"line":73,"column":26}},"40":{"start":{"line":74,"column":0},"end":{"line":74,"column":39}},"41":{"start":{"line":76,"column":0},"end":{"line":78,"column":3}},"42":{"start":{"line":77,"column":4},"end":{"line":77,"column":57}},"43":{"start":{"line":80,"column":0},"end":{"line":80,"column":22}}},"fnMap":{"0":{"name":"(anonymous_0)","decl":{"start":{"line":36,"column":17},"end":{"line":36,"column":18}},"loc":{"start":{"line":36,"column":29},"end":{"line":49,"column":1}},"line":36},"1":{"name":"(anonymous_1)","decl":{"start":{"line":39,"column":25},"end":{"line":39,"column":26}},"loc":{"start":{"line":39,"column":35},"end":{"line":48,"column":5}},"line":39},"2":{"name":"(anonymous_2)","decl":{"start":{"line":43,"column":44},"end":{"line":43,"column":45}},"loc":{"start":{"line":43,"column":56},"end":{"line":45,"column":9}},"line":43},"3":{"name":"(anonymous_3)","decl":{"start":{"line":45,"column":17},"end":{"line":45,"column":18}},"loc":{"start":{"line":45,"column":23},"end":{"line":47,"column":9}},"line":45},"4":{"name":"(anonymous_4)","decl":{"start":{"line":51,"column":20},"end":{"line":51,"column":21}},"loc":{"start":{"line":51,"column":32},"end":{"line":53,"column":1}},"line":51},"5":{"name":"(anonymous_5)","decl":{"start":{"line":54,"column":8},"end":{"line":54,"column":9}},"loc":{"start":{"line":54,"column":28},"end":{"line":57,"column":1}},"line":54},"6":{"name":"(anonymous_6)","decl":{"start":{"line":60,"column":13},"end":{"line":60,"column":14}},"loc":{"start":{"line":60,"column":27},"end":{"line":62,"column":1}},"line":60},"7":{"name":"(anonymous_7)","decl":{"start":{"line":76,"column":18},"end":{"line":76,"column":19}},"loc":{"start":{"line":76,"column":24},"end":{"line":78,"column":1}},"line":76}},"branchMap":{"0":{"loc":{"start":{"line":11,"column":15},"end":{"line":11,"column":39}},"type":"binary-expr","locations":[{"start":{"line":11,"column":15},"end":{"line":11,"column":33}},{"start":{"line":11,"column":37},"end":{"line":11,"column":39}}],"line":11}},"s":{"0":1,"1":1,"2":1,"3":1,"4":1,"5":1,"6":1,"7":1,"8":1,"9":1,"10":1,"11":1,"12":1,"13":1,"14":1,"15":1,"16":1,"17":1,"18":1,"19":1,"20":0,"21":0,"22":0,"23":0,"24":0,"25":0,"26":0,"27":1,"28":0,"29":1,"30":4,"31":4,"32":1,"33":2,"34":1,"35":1,"36":1,"37":1,"38":1,"39":1,"40":1,"41":1,"42":1,"43":1},"f":{"0":0,"1":0,"2":0,"3":0,"4":0,"5":4,"6":2,"7":1},"b":{"0":[1,0]},"_coverageSchema":"1a1c01bbd47fc00a2c39e90264f33305004495a9","hash":"3ef431a7bcd463e5978fa7b37acc36825c989774"}
,"C:\\Users\\USER\\Desktop\\Escuela\\TalentTech\\Programacion_Avanzada\\ejercicios\\backend\\res\\controllers\\ChatController.js": {"path":"C:\\Users\\USER\\Desktop\\Escuela\\TalentTech\\Programacion_Avanzada\\ejercicios\\backend\\res\\controllers\\ChatController.js","statementMap":{"0":{"start":{"line":1,"column":17},"end":{"line":1,"column":36}},"1":{"start":{"line":2,"column":22},"end":{"line":2,"column":50}},"2":{"start":{"line":6,"column":25},"end":{"line":27,"column":5}},"3":{"start":{"line":7,"column":8},"end":{"line":26,"column":9}},"4":{"start":{"line":8,"column":27},"end":{"line":14,"column":14}},"5":{"start":{"line":15,"column":12},"end":{"line":19,"column":14}},"6":{"start":{"line":21,"column":12},"end":{"line":21,"column":30}},"7":{"start":{"line":22,"column":12},"end":{"line":25,"column":14}},"8":{"start":{"line":29,"column":25},"end":{"line":44,"column":5}},"9":{"start":{"line":30,"column":19},"end":{"line":34,"column":10}},"10":{"start":{"line":36,"column":8},"end":{"line":43,"column":10}},"11":{"start":{"line":37,"column":12},"end":{"line":37,"column":28}},"12":{"start":{"line":39,"column":12},"end":{"line":42,"column":14}},"13":{"start":{"line":47,"column":0},"end":{"line":47,"column":32}}},"fnMap":{"0":{"name":"(anonymous_0)","decl":{"start":{"line":6,"column":25},"end":{"line":6,"column":26}},"loc":{"start":{"line":6,"column":45},"end":{"line":27,"column":5}},"line":6},"1":{"name":"(anonymous_1)","decl":{"start":{"line":29,"column":25},"end":{"line":29,"column":26}},"loc":{"start":{"line":29,"column":45},"end":{"line":44,"column":5}},"line":29},"2":{"name":"(anonymous_2)","decl":{"start":{"line":36,"column":25},"end":{"line":36,"column":26}},"loc":{"start":{"line":36,"column":37},"end":{"line":38,"column":9}},"line":36},"3":{"name":"(anonymous_3)","decl":{"start":{"line":38,"column":17},"end":{"line":38,"column":18}},"loc":{"start":{"line":38,"column":26},"end":{"line":43,"column":9}},"line":38}},"branchMap":{},"s":{"0":1,"1":1,"2":1,"3":0,"4":0,"5":0,"6":0,"7":0,"8":1,"9":0,"10":0,"11":0,"12":0,"13":1},"f":{"0":0,"1":0,"2":0,"3":0},"b":{},"_coverageSchema":"1a1c01bbd47fc00a2c39e90264f33305004495a9","hash":"5545fd11687c1f98a2e917d61312a352b64bba3c"}
,"C:\\Users\\USER\\Desktop\\Escuela\\TalentTech\\Programacion_Avanzada\\ejercicios\\backend\\res\\controllers\\HouseController.js": {"path":"C:\\Users\\USER\\Desktop\\Escuela\\TalentTech\\Programacion_Avanzada\\ejercicios\\backend\\res\\controllers\\HouseController.js","statementMap":{"0":{"start":{"line":1,"column":20},"end":{"line":1,"column":50}},"1":{"start":{"line":2,"column":12},"end":{"line":2,"column":35}},"2":{"start":{"line":3,"column":0},"end":{"line":3,"column":21}},"3":{"start":{"line":5,"column":0},"end":{"line":5,"column":27}},"4":{"start":{"line":7,"column":15},"end":{"line":7,"column":37}},"5":{"start":{"line":13,"column":28},"end":{"line":13,"column":56}},"6":{"start":{"line":14,"column":8},"end":{"line":18,"column":9}},"7":{"start":{"line":15,"column":12},"end":{"line":17,"column":15}},"8":{"start":{"line":20,"column":22},"end":{"line":22,"column":25}},"9":{"start":{"line":23,"column":8},"end":{"line":31,"column":11}},"10":{"start":{"line":24,"column":12},"end":{"line":28,"column":13}},"11":{"start":{"line":25,"column":16},"end":{"line":27,"column":19}},"12":{"start":{"line":29,"column":12},"end":{"line":29,"column":42}},"13":{"start":{"line":30,"column":12},"end":{"line":30,"column":19}},"14":{"start":{"line":35,"column":23},"end":{"line":49,"column":5}},"15":{"start":{"line":36,"column":8},"end":{"line":48,"column":9}},"16":{"start":{"line":37,"column":25},"end":{"line":37,"column":49}},"17":{"start":{"line":38,"column":12},"end":{"line":42,"column":15}},"18":{"start":{"line":44,"column":12},"end":{"line":47,"column":15}},"19":{"start":{"line":52,"column":25},"end":{"line":69,"column":5}},"20":{"start":{"line":53,"column":8},"end":{"line":68,"column":9}},"21":{"start":{"line":54,"column":23},"end":{"line":54,"column":38}},"22":{"start":{"line":55,"column":24},"end":{"line":57,"column":14}},"23":{"start":{"line":58,"column":12},"end":{"line":62,"column":15}},"24":{"start":{"line":64,"column":12},"end":{"line":67,"column":15}},"25":{"start":{"line":72,"column":25},"end":{"line":118,"column":5}},"26":{"start":{"line":74,"column":19},"end":{"line":74,"column":32}},"27":{"start":{"line":77,"column":26},"end":{"line":88,"column":9}},"28":{"start":{"line":91,"column":18},"end":{"line":93,"column":9}},"29":{"start":{"line":96,"column":8},"end":{"line":117,"column":15}},"30":{"start":{"line":98,"column":16},"end":{"line":102,"column":19}},"31":{"start":{"line":105,"column":16},"end":{"line":111,"column":17}},"32":{"start":{"line":106,"column":20},"end":{"line":109,"column":23}},"33":{"start":{"line":110,"column":20},"end":{"line":110,"column":27}},"34":{"start":{"line":113,"column":16},"end":{"line":116,"column":19}},"35":{"start":{"line":121,"column":25},"end":{"line":137,"column":5}},"36":{"start":{"line":122,"column":19},"end":{"line":122,"column":34}},"37":{"start":{"line":124,"column":8},"end":{"line":136,"column":15}},"38":{"start":{"line":126,"column":16},"end":{"line":129,"column":19}},"39":{"start":{"line":132,"column":16},"end":{"line":135,"column":19}},"40":{"start":{"line":140,"column":25},"end":{"line":207,"column":5}},"41":{"start":{"line":141,"column":8},"end":{"line":206,"column":9}},"42":{"start":{"line":144,"column":36},"end":{"line":144,"column":64}},"43":{"start":{"line":145,"column":29},"end":{"line":145,"column":56}},"44":{"start":{"line":147,"column":26},"end":{"line":147,"column":77}},"45":{"start":{"line":148,"column":31},"end":{"line":148,"column":51}},"46":{"start":{"line":149,"column":29},"end":{"line":154,"column":14}},"47":{"start":{"line":150,"column":16},"end":{"line":153,"column":35}},"48":{"start":{"line":151,"column":20},"end":{"line":151,"column":52}},"49":{"start":{"line":152,"column":20},"end":{"line":152,"column":32}},"50":{"start":{"line":153,"column":22},"end":{"line":153,"column":35}},"51":{"start":{"line":156,"column":12},"end":{"line":175,"column":13}},"52":{"start":{"line":157,"column":37},"end":{"line":157,"column":94}},"53":{"start":{"line":158,"column":43},"end":{"line":158,"column":70}},"54":{"start":{"line":159,"column":44},"end":{"line":163,"column":18}},"55":{"start":{"line":160,"column":20},"end":{"line":162,"column":39}},"56":{"start":{"line":161,"column":24},"end":{"line":161,"column":36}},"57":{"start":{"line":162,"column":26},"end":{"line":162,"column":39}},"58":{"start":{"line":164,"column":16},"end":{"line":169,"column":17}},"59":{"start":{"line":165,"column":20},"end":{"line":168,"column":23}},"60":{"start":{"line":171,"column":16},"end":{"line":174,"column":19}},"61":{"start":{"line":177,"column":24},"end":{"line":177,"column":45}},"62":{"start":{"line":179,"column":12},"end":{"line":199,"column":19}},"63":{"start":{"line":182,"column":20},"end":{"line":185,"column":23}},"64":{"start":{"line":188,"column":20},"end":{"line":198,"column":21}},"65":{"start":{"line":189,"column":24},"end":{"line":192,"column":27}},"66":{"start":{"line":194,"column":24},"end":{"line":197,"column":27}},"67":{"start":{"line":201,"column":12},"end":{"line":201,"column":29}},"68":{"start":{"line":202,"column":12},"end":{"line":205,"column":15}},"69":{"start":{"line":210,"column":0},"end":{"line":210,"column":33}}},"fnMap":{"0":{"name":"(anonymous_0)","decl":{"start":{"line":10,"column":4},"end":{"line":10,"column":5}},"loc":{"start":{"line":10,"column":18},"end":{"line":10,"column":20}},"line":10},"1":{"name":"(anonymous_1)","decl":{"start":{"line":12,"column":4},"end":{"line":12,"column":5}},"loc":{"start":{"line":12,"column":34},"end":{"line":32,"column":5}},"line":12},"2":{"name":"(anonymous_2)","decl":{"start":{"line":23,"column":34},"end":{"line":23,"column":35}},"loc":{"start":{"line":23,"column":52},"end":{"line":31,"column":9}},"line":23},"3":{"name":"(anonymous_3)","decl":{"start":{"line":35,"column":23},"end":{"line":35,"column":24}},"loc":{"start":{"line":35,"column":43},"end":{"line":49,"column":5}},"line":35},"4":{"name":"(anonymous_4)","decl":{"start":{"line":52,"column":25},"end":{"line":52,"column":26}},"loc":{"start":{"line":52,"column":45},"end":{"line":69,"column":5}},"line":52},"5":{"name":"(anonymous_5)","decl":{"start":{"line":72,"column":25},"end":{"line":72,"column":26}},"loc":{"start":{"line":72,"column":45},"end":{"line":118,"column":5}},"line":72},"6":{"name":"(anonymous_6)","decl":{"start":{"line":97,"column":18},"end":{"line":97,"column":19}},"loc":{"start":{"line":97,"column":30},"end":{"line":103,"column":13}},"line":97},"7":{"name":"(anonymous_7)","decl":{"start":{"line":104,"column":19},"end":{"line":104,"column":20}},"loc":{"start":{"line":104,"column":28},"end":{"line":117,"column":13}},"line":104},"8":{"name":"(anonymous_8)","decl":{"start":{"line":121,"column":25},"end":{"line":121,"column":26}},"loc":{"start":{"line":121,"column":39},"end":{"line":137,"column":5}},"line":121},"9":{"name":"(anonymous_9)","decl":{"start":{"line":125,"column":18},"end":{"line":125,"column":19}},"loc":{"start":{"line":125,"column":24},"end":{"line":130,"column":13}},"line":125},"10":{"name":"(anonymous_10)","decl":{"start":{"line":131,"column":19},"end":{"line":131,"column":20}},"loc":{"start":{"line":131,"column":28},"end":{"line":136,"column":13}},"line":131},"11":{"name":"(anonymous_11)","decl":{"start":{"line":140,"column":25},"end":{"line":140,"column":26}},"loc":{"start":{"line":140,"column":45},"end":{"line":207,"column":5}},"line":140},"12":{"name":"(anonymous_12)","decl":{"start":{"line":149,"column":47},"end":{"line":149,"column":48}},"loc":{"start":{"line":149,"column":57},"end":{"line":154,"column":13}},"line":149},"13":{"name":"(anonymous_13)","decl":{"start":{"line":159,"column":70},"end":{"line":159,"column":71}},"loc":{"start":{"line":159,"column":87},"end":{"line":163,"column":17}},"line":159},"14":{"name":"(anonymous_14)","decl":{"start":{"line":181,"column":22},"end":{"line":181,"column":23}},"loc":{"start":{"line":181,"column":28},"end":{"line":186,"column":17}},"line":181},"15":{"name":"(anonymous_15)","decl":{"start":{"line":187,"column":23},"end":{"line":187,"column":24}},"loc":{"start":{"line":187,"column":32},"end":{"line":199,"column":17}},"line":187}},"branchMap":{"0":{"loc":{"start":{"line":14,"column":8},"end":{"line":18,"column":9}},"type":"if","locations":[{"start":{"line":14,"column":8},"end":{"line":18,"column":9}},{"start":{},"end":{}}],"line":14},"1":{"loc":{"start":{"line":20,"column":22},"end":{"line":22,"column":25}},"type":"cond-expr","locations":[{"start":{"line":21,"column":14},"end":{"line":21,"column":34}},{"start":{"line":22,"column":14},"end":{"line":22,"column":25}}],"line":20},"2":{"loc":{"start":{"line":24,"column":12},"end":{"line":28,"column":13}},"type":"if","locations":[{"start":{"line":24,"column":12},"end":{"line":28,"column":13}},{"start":{},"end":{}}],"line":24},"3":{"loc":{"start":{"line":105,"column":16},"end":{"line":111,"column":17}},"type":"if","locations":[{"start":{"line":105,"column":16},"end":{"line":111,"column":17}},{"start":{},"end":{}}],"line":105},"4":{"loc":{"start":{"line":150,"column":16},"end":{"line":153,"column":35}},"type":"if","locations":[{"start":{"line":150,"column":16},"end":{"line":153,"column":35}},{"start":{"line":153,"column":22},"end":{"line":153,"column":35}}],"line":150},"5":{"loc":{"start":{"line":156,"column":12},"end":{"line":175,"column":13}},"type":"if","locations":[{"start":{"line":156,"column":12},"end":{"line":175,"column":13}},{"start":{"line":170,"column":17},"end":{"line":175,"column":13}}],"line":156},"6":{"loc":{"start":{"line":160,"column":20},"end":{"line":162,"column":39}},"type":"if","locations":[{"start":{"line":160,"column":20},"end":{"line":162,"column":39}},{"start":{"line":162,"column":26},"end":{"line":162,"column":39}}],"line":160},"7":{"loc":{"start":{"line":160,"column":24},"end":{"line":160,"column":107}},"type":"binary-expr","locations":[{"start":{"line":160,"column":24},"end":{"line":160,"column":54}},{"start":{"line":160,"column":58},"end":{"line":160,"column":107}}],"line":160},"8":{"loc":{"start":{"line":164,"column":16},"end":{"line":169,"column":17}},"type":"if","locations":[{"start":{"line":164,"column":16},"end":{"line":169,"column":17}},{"start":{},"end":{}}],"line":164},"9":{"loc":{"start":{"line":188,"column":20},"end":{"line":198,"column":21}},"type":"if","locations":[{"start":{"line":188,"column":20},"end":{"line":198,"column":21}},{"start":{"line":193,"column":27},"end":{"line":198,"column":21}}],"line":188}},"s":{"0":1,"1":1,"2":1,"3":1,"4":1,"5":0,"6":0,"7":0,"8":0,"9":0,"10":0,"11":0,"12":0,"13":0,"14":1,"15":0,"16":0,"17":0,"18":0,"19":1,"20":0,"21":0,"22":0,"23":0,"24":0,"25":1,"26":0,"27":0,"28":0,"29":0,"30":0,"31":0,"32":0,"33":0,"34":0,"35":1,"36":0,"37":0,"38":0,"39":0,"40":1,"41":0,"42":0,"43":0,"44":0,"45":0,"46":0,"47":0,"48":0,"49":0,"50":0,"51":0,"52":0,"53":0,"54":0,"55":0,"56":0,"57":0,"58":0,"59":0,"60":0,"61":0,"62":0,"63":0,"64":0,"65":0,"66":0,"67":0,"68":0,"69":1},"f":{"0":0,"1":0,"2":0,"3":0,"4":0,"5":0,"6":0,"7":0,"8":0,"9":0,"10":0,"11":0,"12":0,"13":0,"14":0,"15":0},"b":{"0":[0,0],"1":[0,0],"2":[0,0],"3":[0,0],"4":[0,0],"5":[0,0],"6":[0,0],"7":[0,0],"8":[0,0],"9":[0,0]},"_coverageSchema":"1a1c01bbd47fc00a2c39e90264f33305004495a9","hash":"3e1980df174fe974a0d07cb6f3766a31f614a5a0"}
,"C:\\Users\\USER\\Desktop\\Escuela\\TalentTech\\Programacion_Avanzada\\ejercicios\\backend\\res\\controllers\\UploadImg.js": {"path":"C:\\Users\\USER\\Desktop\\Escuela\\TalentTech\\Programacion_Avanzada\\ejercicios\\backend\\res\\controllers\\UploadImg.js","statementMap":{"0":{"start":{"line":1,"column":15},"end":{"line":1,"column":32}},"1":{"start":{"line":2,"column":19},"end":{"line":2,"column":47}},"2":{"start":{"line":8,"column":27},"end":{"line":41,"column":5}},"3":{"start":{"line":9,"column":8},"end":{"line":40,"column":9}},"4":{"start":{"line":10,"column":12},"end":{"line":15,"column":13}},"5":{"start":{"line":11,"column":16},"end":{"line":14,"column":18}},"6":{"start":{"line":16,"column":21},"end":{"line":16,"column":34}},"7":{"start":{"line":18,"column":29},"end":{"line":20,"column":13}},"8":{"start":{"line":22,"column":12},"end":{"line":34,"column":14}},"9":{"start":{"line":23,"column":16},"end":{"line":28,"column":18}},"10":{"start":{"line":30,"column":16},"end":{"line":33,"column":18}},"11":{"start":{"line":36,"column":12},"end":{"line":39,"column":14}},"12":{"start":{"line":43,"column":28},"end":{"line":76,"column":5}},"13":{"start":{"line":44,"column":8},"end":{"line":49,"column":9}},"14":{"start":{"line":45,"column":12},"end":{"line":48,"column":14}},"15":{"start":{"line":50,"column":8},"end":{"line":75,"column":9}},"16":{"start":{"line":51,"column":23},"end":{"line":51,"column":38}},"17":{"start":{"line":53,"column":30},"end":{"line":55,"column":13}},"18":{"start":{"line":57,"column":12},"end":{"line":69,"column":14}},"19":{"start":{"line":58,"column":16},"end":{"line":63,"column":18}},"20":{"start":{"line":65,"column":16},"end":{"line":68,"column":18}},"21":{"start":{"line":71,"column":12},"end":{"line":74,"column":14}},"22":{"start":{"line":79,"column":0},"end":{"line":79,"column":27}}},"fnMap":{"0":{"name":"(anonymous_0)","decl":{"start":{"line":5,"column":4},"end":{"line":5,"column":5}},"loc":{"start":{"line":5,"column":17},"end":{"line":5,"column":19}},"line":5},"1":{"name":"(anonymous_1)","decl":{"start":{"line":8,"column":27},"end":{"line":8,"column":28}},"loc":{"start":{"line":8,"column":41},"end":{"line":41,"column":5}},"line":8},"2":{"name":"(anonymous_2)","decl":{"start":{"line":22,"column":80},"end":{"line":22,"column":81}},"loc":{"start":{"line":22,"column":91},"end":{"line":29,"column":13}},"line":22},"3":{"name":"(anonymous_3)","decl":{"start":{"line":29,"column":21},"end":{"line":29,"column":22}},"loc":{"start":{"line":29,"column":29},"end":{"line":34,"column":13}},"line":29},"4":{"name":"(anonymous_4)","decl":{"start":{"line":43,"column":28},"end":{"line":43,"column":29}},"loc":{"start":{"line":43,"column":42},"end":{"line":76,"column":5}},"line":43},"5":{"name":"(anonymous_5)","decl":{"start":{"line":57,"column":85},"end":{"line":57,"column":86}},"loc":{"start":{"line":57,"column":96},"end":{"line":64,"column":13}},"line":57},"6":{"name":"(anonymous_6)","decl":{"start":{"line":64,"column":21},"end":{"line":64,"column":22}},"loc":{"start":{"line":64,"column":29},"end":{"line":69,"column":13}},"line":64}},"branchMap":{"0":{"loc":{"start":{"line":10,"column":12},"end":{"line":15,"column":13}},"type":"if","locations":[{"start":{"line":10,"column":12},"end":{"line":15,"column":13}},{"start":{},"end":{}}],"line":10},"1":{"loc":{"start":{"line":44,"column":8},"end":{"line":49,"column":9}},"type":"if","locations":[{"start":{"line":44,"column":8},"end":{"line":49,"column":9}},{"start":{},"end":{}}],"line":44}},"s":{"0":1,"1":1,"2":1,"3":0,"4":0,"5":0,"6":0,"7":0,"8":0,"9":0,"10":0,"11":0,"12":1,"13":0,"14":0,"15":0,"16":0,"17":0,"18":0,"19":0,"20":0,"21":0,"22":1},"f":{"0":0,"1":0,"2":0,"3":0,"4":0,"5":0,"6":0},"b":{"0":[0,0],"1":[0,0]},"_coverageSchema":"1a1c01bbd47fc00a2c39e90264f33305004495a9","hash":"3e8ea1bd82c6998abb23a1a6011904dbb3f1210c"}
,"C:\\Users\\USER\\Desktop\\Escuela\\TalentTech\\Programacion_Avanzada\\ejercicios\\backend\\res\\controllers\\UserController.js": {"path":"C:\\Users\\USER\\Desktop\\Escuela\\TalentTech\\Programacion_Avanzada\\ejercicios\\backend\\res\\controllers\\UserController.js","statementMap":{"0":{"start":{"line":1,"column":15},"end":{"line":1,"column":32}},"1":{"start":{"line":2,"column":19},"end":{"line":2,"column":47}},"2":{"start":{"line":3,"column":12},"end":{"line":3,"column":35}},"3":{"start":{"line":5,"column":0},"end":{"line":5,"column":26}},"4":{"start":{"line":7,"column":15},"end":{"line":7,"column":37}},"5":{"start":{"line":13,"column":28},"end":{"line":13,"column":56}},"6":{"start":{"line":14,"column":8},"end":{"line":18,"column":9}},"7":{"start":{"line":15,"column":12},"end":{"line":17,"column":14}},"8":{"start":{"line":20,"column":22},"end":{"line":20,"column":91}},"9":{"start":{"line":21,"column":8},"end":{"line":29,"column":10}},"10":{"start":{"line":22,"column":12},"end":{"line":26,"column":13}},"11":{"start":{"line":23,"column":16},"end":{"line":25,"column":18}},"12":{"start":{"line":27,"column":12},"end":{"line":27,"column":40}},"13":{"start":{"line":28,"column":12},"end":{"line":28,"column":19}},"14":{"start":{"line":33,"column":22},"end":{"line":47,"column":5}},"15":{"start":{"line":34,"column":8},"end":{"line":46,"column":9}},"16":{"start":{"line":35,"column":24},"end":{"line":35,"column":47}},"17":{"start":{"line":36,"column":12},"end":{"line":40,"column":15}},"18":{"start":{"line":42,"column":12},"end":{"line":45,"column":15}},"19":{"start":{"line":50,"column":24},"end":{"line":67,"column":5}},"20":{"start":{"line":51,"column":8},"end":{"line":66,"column":9}},"21":{"start":{"line":52,"column":21},"end":{"line":52,"column":34}},"22":{"start":{"line":53,"column":23},"end":{"line":55,"column":14}},"23":{"start":{"line":56,"column":12},"end":{"line":60,"column":15}},"24":{"start":{"line":62,"column":12},"end":{"line":65,"column":15}},"25":{"start":{"line":70,"column":24},"end":{"line":118,"column":5}},"26":{"start":{"line":72,"column":18},"end":{"line":72,"column":29}},"27":{"start":{"line":76,"column":8},"end":{"line":80,"column":9}},"28":{"start":{"line":77,"column":12},"end":{"line":77,"column":70}},"29":{"start":{"line":79,"column":12},"end":{"line":79,"column":47}},"30":{"start":{"line":83,"column":25},"end":{"line":89,"column":9}},"31":{"start":{"line":92,"column":18},"end":{"line":94,"column":9}},"32":{"start":{"line":97,"column":8},"end":{"line":117,"column":15}},"33":{"start":{"line":99,"column":16},"end":{"line":102,"column":19}},"34":{"start":{"line":105,"column":16},"end":{"line":111,"column":17}},"35":{"start":{"line":106,"column":20},"end":{"line":109,"column":23}},"36":{"start":{"line":110,"column":20},"end":{"line":110,"column":27}},"37":{"start":{"line":113,"column":16},"end":{"line":116,"column":19}},"38":{"start":{"line":121,"column":24},"end":{"line":137,"column":5}},"39":{"start":{"line":122,"column":17},"end":{"line":122,"column":30}},"40":{"start":{"line":124,"column":8},"end":{"line":136,"column":15}},"41":{"start":{"line":126,"column":16},"end":{"line":129,"column":19}},"42":{"start":{"line":132,"column":16},"end":{"line":135,"column":19}},"43":{"start":{"line":140,"column":24},"end":{"line":184,"column":5}},"44":{"start":{"line":141,"column":8},"end":{"line":183,"column":9}},"45":{"start":{"line":142,"column":35},"end":{"line":142,"column":75}},"46":{"start":{"line":144,"column":23},"end":{"line":151,"column":14}},"47":{"start":{"line":153,"column":12},"end":{"line":177,"column":19}},"48":{"start":{"line":155,"column":20},"end":{"line":158,"column":23}},"49":{"start":{"line":161,"column":20},"end":{"line":176,"column":21}},"50":{"start":{"line":162,"column":24},"end":{"line":165,"column":27}},"51":{"start":{"line":166,"column":27},"end":{"line":176,"column":21}},"52":{"start":{"line":167,"column":24},"end":{"line":170,"column":27}},"53":{"start":{"line":172,"column":24},"end":{"line":175,"column":27}},"54":{"start":{"line":179,"column":12},"end":{"line":182,"column":15}},"55":{"start":{"line":187,"column":19},"end":{"line":233,"column":5}},"56":{"start":{"line":188,"column":8},"end":{"line":232,"column":9}},"57":{"start":{"line":189,"column":25},"end":{"line":191,"column":14}},"58":{"start":{"line":193,"column":12},"end":{"line":199,"column":13}},"59":{"start":{"line":194,"column":16},"end":{"line":197,"column":19}},"60":{"start":{"line":198,"column":16},"end":{"line":198,"column":23}},"61":{"start":{"line":201,"column":34},"end":{"line":204,"column":13}},"62":{"start":{"line":206,"column":12},"end":{"line":212,"column":13}},"63":{"start":{"line":207,"column":16},"end":{"line":210,"column":19}},"64":{"start":{"line":211,"column":16},"end":{"line":211,"column":23}},"65":{"start":{"line":214,"column":26},"end":{"line":220,"column":13}},"66":{"start":{"line":222,"column":12},"end":{"line":226,"column":15}},"67":{"start":{"line":228,"column":12},"end":{"line":231,"column":15}},"68":{"start":{"line":236,"column":0},"end":{"line":236,"column":32}}},"fnMap":{"0":{"name":"(anonymous_0)","decl":{"start":{"line":10,"column":4},"end":{"line":10,"column":5}},"loc":{"start":{"line":10,"column":18},"end":{"line":10,"column":20}},"line":10},"1":{"name":"(anonymous_1)","decl":{"start":{"line":12,"column":4},"end":{"line":12,"column":5}},"loc":{"start":{"line":12,"column":33},"end":{"line":30,"column":5}},"line":12},"2":{"name":"(anonymous_2)","decl":{"start":{"line":21,"column":34},"end":{"line":21,"column":35}},"loc":{"start":{"line":21,"column":52},"end":{"line":29,"column":9}},"line":21},"3":{"name":"(anonymous_3)","decl":{"start":{"line":33,"column":22},"end":{"line":33,"column":23}},"loc":{"start":{"line":33,"column":42},"end":{"line":47,"column":5}},"line":33},"4":{"name":"(anonymous_4)","decl":{"start":{"line":50,"column":24},"end":{"line":50,"column":25}},"loc":{"start":{"line":50,"column":44},"end":{"line":67,"column":5}},"line":50},"5":{"name":"(anonymous_5)","decl":{"start":{"line":70,"column":24},"end":{"line":70,"column":25}},"loc":{"start":{"line":70,"column":44},"end":{"line":118,"column":5}},"line":70},"6":{"name":"(anonymous_6)","decl":{"start":{"line":98,"column":18},"end":{"line":98,"column":19}},"loc":{"start":{"line":98,"column":30},"end":{"line":103,"column":13}},"line":98},"7":{"name":"(anonymous_7)","decl":{"start":{"line":104,"column":19},"end":{"line":104,"column":20}},"loc":{"start":{"line":104,"column":28},"end":{"line":117,"column":13}},"line":104},"8":{"name":"(anonymous_8)","decl":{"start":{"line":121,"column":24},"end":{"line":121,"column":25}},"loc":{"start":{"line":121,"column":38},"end":{"line":137,"column":5}},"line":121},"9":{"name":"(anonymous_9)","decl":{"start":{"line":125,"column":18},"end":{"line":125,"column":19}},"loc":{"start":{"line":125,"column":24},"end":{"line":130,"column":13}},"line":125},"10":{"name":"(anonymous_10)","decl":{"start":{"line":131,"column":19},"end":{"line":131,"column":20}},"loc":{"start":{"line":131,"column":28},"end":{"line":136,"column":13}},"line":131},"11":{"name":"(anonymous_11)","decl":{"start":{"line":140,"column":24},"end":{"line":140,"column":25}},"loc":{"start":{"line":140,"column":44},"end":{"line":184,"column":5}},"line":140},"12":{"name":"(anonymous_12)","decl":{"start":{"line":154,"column":22},"end":{"line":154,"column":23}},"loc":{"start":{"line":154,"column":28},"end":{"line":159,"column":17}},"line":154},"13":{"name":"(anonymous_13)","decl":{"start":{"line":160,"column":23},"end":{"line":160,"column":24}},"loc":{"start":{"line":160,"column":32},"end":{"line":177,"column":17}},"line":160},"14":{"name":"(anonymous_14)","decl":{"start":{"line":187,"column":19},"end":{"line":187,"column":20}},"loc":{"start":{"line":187,"column":39},"end":{"line":233,"column":5}},"line":187}},"branchMap":{"0":{"loc":{"start":{"line":14,"column":8},"end":{"line":18,"column":9}},"type":"if","locations":[{"start":{"line":14,"column":8},"end":{"line":18,"column":9}},{"start":{},"end":{}}],"line":14},"1":{"loc":{"start":{"line":20,"column":22},"end":{"line":20,"column":91}},"type":"cond-expr","locations":[{"start":{"line":20,"column":57},"end":{"line":20,"column":77}},{"start":{"line":20,"column":80},"end":{"line":20,"column":91}}],"line":20},"2":{"loc":{"start":{"line":22,"column":12},"end":{"line":26,"column":13}},"type":"if","locations":[{"start":{"line":22,"column":12},"end":{"line":26,"column":13}},{"start":{},"end":{}}],"line":22},"3":{"loc":{"start":{"line":76,"column":8},"end":{"line":80,"column":9}},"type":"if","locations":[{"start":{"line":76,"column":8},"end":{"line":80,"column":9}},{"start":{"line":78,"column":15},"end":{"line":80,"column":9}}],"line":76},"4":{"loc":{"start":{"line":76,"column":12},"end":{"line":76,"column":71}},"type":"binary-expr","locations":[{"start":{"line":76,"column":12},"end":{"line":76,"column":42}},{"start":{"line":76,"column":46},"end":{"line":76,"column":71}}],"line":76},"5":{"loc":{"start":{"line":105,"column":16},"end":{"line":111,"column":17}},"type":"if","locations":[{"start":{"line":105,"column":16},"end":{"line":111,"column":17}},{"start":{},"end":{}}],"line":105},"6":{"loc":{"start":{"line":161,"column":20},"end":{"line":176,"column":21}},"type":"if","locations":[{"start":{"line":161,"column":20},"end":{"line":176,"column":21}},{"start":{"line":166,"column":27},"end":{"line":176,"column":21}}],"line":161},"7":{"loc":{"start":{"line":166,"column":27},"end":{"line":176,"column":21}},"type":"if","locations":[{"start":{"line":166,"column":27},"end":{"line":176,"column":21}},{"start":{"line":171,"column":27},"end":{"line":176,"column":21}}],"line":166},"8":{"loc":{"start":{"line":193,"column":12},"end":{"line":199,"column":13}},"type":"if","locations":[{"start":{"line":193,"column":12},"end":{"line":199,"column":13}},{"start":{},"end":{}}],"line":193},"9":{"loc":{"start":{"line":206,"column":12},"end":{"line":212,"column":13}},"type":"if","locations":[{"start":{"line":206,"column":12},"end":{"line":212,"column":13}},{"start":{},"end":{}}],"line":206}},"s":{"0":1,"1":1,"2":1,"3":1,"4":1,"5":0,"6":0,"7":0,"8":0,"9":0,"10":0,"11":0,"12":0,"13":0,"14":1,"15":1,"16":1,"17":1,"18":0,"19":1,"20":0,"21":0,"22":0,"23":0,"24":0,"25":1,"26":0,"27":0,"28":0,"29":0,"30":0,"31":0,"32":0,"33":0,"34":0,"35":0,"36":0,"37":0,"38":1,"39":0,"40":0,"41":0,"42":0,"43":1,"44":1,"45":1,"46":1,"47":1,"48":0,"49":1,"50":0,"51":0,"52":0,"53":0,"54":0,"55":1,"56":0,"57":0,"58":0,"59":0,"60":0,"61":0,"62":0,"63":0,"64":0,"65":0,"66":0,"67":0,"68":1},"f":{"0":1,"1":0,"2":0,"3":1,"4":0,"5":0,"6":0,"7":0,"8":0,"9":0,"10":0,"11":1,"12":0,"13":1,"14":0},"b":{"0":[0,0],"1":[0,0],"2":[0,0],"3":[0,0],"4":[0,0],"5":[0,0],"6":[0,0],"7":[0,0],"8":[0,0],"9":[0,0]},"_coverageSchema":"1a1c01bbd47fc00a2c39e90264f33305004495a9","hash":"6b3654f9f3ad5aac8f093f51b64bbefe3965c8a7"}
,"C:\\Users\\USER\\Desktop\\Escuela\\TalentTech\\Programacion_Avanzada\\ejercicios\\backend\\res\\graphql\\Schema.js": {"path":"C:\\Users\\USER\\Desktop\\Escuela\\TalentTech\\Programacion_Avanzada\\ejercicios\\backend\\res\\graphql\\Schema.js","statementMap":{"0":{"start":{"line":10,"column":4},"end":{"line":10,"column":22}},"1":{"start":{"line":11,"column":18},"end":{"line":11,"column":40}},"2":{"start":{"line":13,"column":13},"end":{"line":38,"column":2}},"3":{"start":{"line":15,"column":19},"end":{"line":37,"column":5}},"4":{"start":{"line":40,"column":16},"end":{"line":59,"column":2}},"5":{"start":{"line":42,"column":19},"end":{"line":58,"column":5}},"6":{"start":{"line":61,"column":14},"end":{"line":101,"column":2}},"7":{"start":{"line":63,"column":19},"end":{"line":100,"column":5}},"8":{"start":{"line":103,"column":24},"end":{"line":116,"column":2}},"9":{"start":{"line":105,"column":19},"end":{"line":115,"column":5}},"10":{"start":{"line":118,"column":14},"end":{"line":171,"column":1}},"11":{"start":{"line":173,"column":18},"end":{"line":176,"column":2}},"12":{"start":{"line":178,"column":15},"end":{"line":180,"column":2}},"13":{"start":{"line":182,"column":0},"end":{"line":182,"column":24}}},"fnMap":{"0":{"name":"(anonymous_0)","decl":{"start":{"line":15,"column":12},"end":{"line":15,"column":13}},"loc":{"start":{"line":15,"column":19},"end":{"line":37,"column":5}},"line":15},"1":{"name":"(anonymous_1)","decl":{"start":{"line":42,"column":12},"end":{"line":42,"column":13}},"loc":{"start":{"line":42,"column":19},"end":{"line":58,"column":5}},"line":42},"2":{"name":"(anonymous_2)","decl":{"start":{"line":63,"column":12},"end":{"line":63,"column":13}},"loc":{"start":{"line":63,"column":19},"end":{"line":100,"column":5}},"line":63},"3":{"name":"(anonymous_3)","decl":{"start":{"line":105,"column":12},"end":{"line":105,"column":13}},"loc":{"start":{"line":105,"column":19},"end":{"line":115,"column":5}},"line":105}},"branchMap":{},"s":{"0":1,"1":1,"2":1,"3":1,"4":1,"5":1,"6":1,"7":1,"8":1,"9":1,"10":1,"11":1,"12":1,"13":1},"f":{"0":1,"1":1,"2":1,"3":1},"b":{},"_coverageSchema":"1a1c01bbd47fc00a2c39e90264f33305004495a9","hash":"375142731d46029339b2c24e0ce8d57a7c4a8f9b"}
,"C:\\Users\\USER\\Desktop\\Escuela\\TalentTech\\Programacion_Avanzada\\ejercicios\\backend\\res\\graphql\\resolvers.js": {"path":"C:\\Users\\USER\\Desktop\\Escuela\\TalentTech\\Programacion_Avanzada\\ejercicios\\backend\\res\\graphql\\resolvers.js","statementMap":{"0":{"start":{"line":1,"column":19},"end":{"line":1,"column":44}},"1":{"start":{"line":2,"column":22},"end":{"line":2,"column":50}},"2":{"start":{"line":3,"column":20},"end":{"line":3,"column":47}},"3":{"start":{"line":5,"column":18},"end":{"line":102,"column":1}},"4":{"start":{"line":7,"column":8},"end":{"line":7,"column":30}},"5":{"start":{"line":11,"column":8},"end":{"line":15,"column":9}},"6":{"start":{"line":12,"column":12},"end":{"line":12,"column":54}},"7":{"start":{"line":14,"column":12},"end":{"line":14,"column":32}},"8":{"start":{"line":19,"column":8},"end":{"line":23,"column":9}},"9":{"start":{"line":20,"column":12},"end":{"line":20,"column":43}},"10":{"start":{"line":22,"column":12},"end":{"line":22,"column":32}},"11":{"start":{"line":27,"column":8},"end":{"line":37,"column":9}},"12":{"start":{"line":28,"column":12},"end":{"line":34,"column":15}},"13":{"start":{"line":36,"column":12},"end":{"line":36,"column":32}},"14":{"start":{"line":41,"column":8},"end":{"line":51,"column":9}},"15":{"start":{"line":42,"column":12},"end":{"line":48,"column":15}},"16":{"start":{"line":50,"column":12},"end":{"line":50,"column":32}},"17":{"start":{"line":55,"column":8},"end":{"line":59,"column":9}},"18":{"start":{"line":56,"column":12},"end":{"line":56,"column":44}},"19":{"start":{"line":58,"column":12},"end":{"line":58,"column":32}},"20":{"start":{"line":63,"column":8},"end":{"line":67,"column":9}},"21":{"start":{"line":64,"column":12},"end":{"line":64,"column":56}},"22":{"start":{"line":66,"column":12},"end":{"line":66,"column":32}},"23":{"start":{"line":71,"column":8},"end":{"line":100,"column":9}},"24":{"start":{"line":72,"column":24},"end":{"line":72,"column":26}},"25":{"start":{"line":74,"column":12},"end":{"line":96,"column":13}},"26":{"start":{"line":75,"column":16},"end":{"line":80,"column":17}},"27":{"start":{"line":76,"column":20},"end":{"line":79,"column":21}},"28":{"start":{"line":81,"column":16},"end":{"line":86,"column":17}},"29":{"start":{"line":82,"column":20},"end":{"line":85,"column":21}},"30":{"start":{"line":87,"column":16},"end":{"line":92,"column":17}},"31":{"start":{"line":88,"column":20},"end":{"line":91,"column":21}},"32":{"start":{"line":94,"column":30},"end":{"line":94,"column":58}},"33":{"start":{"line":95,"column":16},"end":{"line":95,"column":28}},"34":{"start":{"line":99,"column":12},"end":{"line":99,"column":32}},"35":{"start":{"line":105,"column":0},"end":{"line":105,"column":27}}},"fnMap":{"0":{"name":"(anonymous_0)","decl":{"start":{"line":6,"column":11},"end":{"line":6,"column":12}},"loc":{"start":{"line":6,"column":17},"end":{"line":8,"column":5}},"line":6},"1":{"name":"(anonymous_1)","decl":{"start":{"line":10,"column":10},"end":{"line":10,"column":11}},"loc":{"start":{"line":10,"column":29},"end":{"line":16,"column":5}},"line":10},"2":{"name":"(anonymous_2)","decl":{"start":{"line":18,"column":11},"end":{"line":18,"column":12}},"loc":{"start":{"line":18,"column":23},"end":{"line":24,"column":5}},"line":18},"3":{"name":"(anonymous_3)","decl":{"start":{"line":26,"column":13},"end":{"line":26,"column":14}},"loc":{"start":{"line":26,"column":32},"end":{"line":38,"column":5}},"line":26},"4":{"name":"(anonymous_4)","decl":{"start":{"line":40,"column":14},"end":{"line":40,"column":15}},"loc":{"start":{"line":40,"column":26},"end":{"line":52,"column":5}},"line":40},"5":{"name":"(anonymous_5)","decl":{"start":{"line":54,"column":12},"end":{"line":54,"column":13}},"loc":{"start":{"line":54,"column":24},"end":{"line":60,"column":5}},"line":54},"6":{"name":"(anonymous_6)","decl":{"start":{"line":62,"column":11},"end":{"line":62,"column":12}},"loc":{"start":{"line":62,"column":30},"end":{"line":68,"column":5}},"line":62},"7":{"name":"(anonymous_7)","decl":{"start":{"line":70,"column":21},"end":{"line":70,"column":22}},"loc":{"start":{"line":70,"column":43},"end":{"line":101,"column":5}},"line":70}},"branchMap":{"0":{"loc":{"start":{"line":74,"column":12},"end":{"line":96,"column":13}},"type":"if","locations":[{"start":{"line":74,"column":12},"end":{"line":96,"column":13}},{"start":{},"end":{}}],"line":74},"1":{"loc":{"start":{"line":75,"column":16},"end":{"line":80,"column":17}},"type":"if","locations":[{"start":{"line":75,"column":16},"end":{"line":80,"column":17}},{"start":{},"end":{}}],"line":75},"2":{"loc":{"start":{"line":81,"column":16},"end":{"line":86,"column":17}},"type":"if","locations":[{"start":{"line":81,"column":16},"end":{"line":86,"column":17}},{"start":{},"end":{}}],"line":81},"3":{"loc":{"start":{"line":87,"column":16},"end":{"line":92,"column":17}},"type":"if","locations":[{"start":{"line":87,"column":16},"end":{"line":92,"column":17}},{"start":{},"end":{}}],"line":87}},"s":{"0":1,"1":1,"2":1,"3":1,"4":0,"5":0,"6":0,"7":0,"8":0,"9":0,"10":0,"11":0,"12":0,"13":0,"14":0,"15":0,"16":0,"17":0,"18":0,"19":0,"20":0,"21":0,"22":0,"23":0,"24":0,"25":0,"26":0,"27":0,"28":0,"29":0,"30":0,"31":0,"32":0,"33":0,"34":0,"35":1},"f":{"0":0,"1":0,"2":0,"3":0,"4":0,"5":0,"6":0,"7":0},"b":{"0":[0,0],"1":[0,0],"2":[0,0],"3":[0,0]},"_coverageSchema":"1a1c01bbd47fc00a2c39e90264f33305004495a9","hash":"517bb3fe52df0a8e2edd3af82d0531fded6d9b02"}
,"C:\\Users\\USER\\Desktop\\Escuela\\TalentTech\\Programacion_Avanzada\\ejercicios\\backend\\res\\models\\Houses.js": {"path":"C:\\Users\\USER\\Desktop\\Escuela\\TalentTech\\Programacion_Avanzada\\ejercicios\\backend\\res\\models\\Houses.js","statementMap":{"0":{"start":{"line":1,"column":17},"end":{"line":1,"column":36}},"1":{"start":{"line":3,"column":18},"end":{"line":55,"column":2}},"2":{"start":{"line":57,"column":0},"end":{"line":57,"column":54}}},"fnMap":{},"branchMap":{},"s":{"0":1,"1":1,"2":1},"f":{},"b":{},"_coverageSchema":"1a1c01bbd47fc00a2c39e90264f33305004495a9","hash":"454ff6641b7fc1dd7910d069ce94146250e604fa"}
,"C:\\Users\\USER\\Desktop\\Escuela\\TalentTech\\Programacion_Avanzada\\ejercicios\\backend\\res\\models\\Message.js": {"path":"C:\\Users\\USER\\Desktop\\Escuela\\TalentTech\\Programacion_Avanzada\\ejercicios\\backend\\res\\models\\Message.js","statementMap":{"0":{"start":{"line":1,"column":17},"end":{"line":1,"column":36}},"1":{"start":{"line":2,"column":19},"end":{"line":2,"column":36}},"2":{"start":{"line":4,"column":22},"end":{"line":25,"column":2}},"3":{"start":{"line":27,"column":0},"end":{"line":27,"column":57}}},"fnMap":{},"branchMap":{},"s":{"0":1,"1":1,"2":1,"3":1},"f":{},"b":{},"_coverageSchema":"1a1c01bbd47fc00a2c39e90264f33305004495a9","hash":"a5f4cbb0b0ebf560597c38c195fd5765310926d4"}
,"C:\\Users\\USER\\Desktop\\Escuela\\TalentTech\\Programacion_Avanzada\\ejercicios\\backend\\res\\models\\User.js": {"path":"C:\\Users\\USER\\Desktop\\Escuela\\TalentTech\\Programacion_Avanzada\\ejercicios\\backend\\res\\models\\User.js","statementMap":{"0":{"start":{"line":1,"column":17},"end":{"line":1,"column":36}},"1":{"start":{"line":3,"column":17},"end":{"line":39,"column":2}},"2":{"start":{"line":23,"column":16},"end":{"line":23,"column":59}},"3":{"start":{"line":41,"column":0},"end":{"line":41,"column":51}}},"fnMap":{"0":{"name":"(anonymous_0)","decl":{"start":{"line":22,"column":23},"end":{"line":22,"column":24}},"loc":{"start":{"line":22,"column":34},"end":{"line":24,"column":13}},"line":22}},"branchMap":{},"s":{"0":1,"1":1,"2":1,"3":1},"f":{"0":1},"b":{},"_coverageSchema":"1a1c01bbd47fc00a2c39e90264f33305004495a9","hash":"0ffe8e51c119b37d78e9270c90dbe8012f4a49da"}
,"C:\\Users\\USER\\Desktop\\Escuela\\TalentTech\\Programacion_Avanzada\\ejercicios\\backend\\res\\routers\\ChatsRouters.js": {"path":"C:\\Users\\USER\\Desktop\\Escuela\\TalentTech\\Programacion_Avanzada\\ejercicios\\backend\\res\\routers\\ChatsRouters.js","statementMap":{"0":{"start":{"line":1,"column":16},"end":{"line":1,"column":34}},"1":{"start":{"line":2,"column":23},"end":{"line":2,"column":63}},"2":{"start":{"line":3,"column":22},"end":{"line":3,"column":50}},"3":{"start":{"line":5,"column":15},"end":{"line":5,"column":31}},"4":{"start":{"line":7,"column":0},"end":{"line":11,"column":2}},"5":{"start":{"line":9,"column":19},"end":{"line":9,"column":77}},"6":{"start":{"line":10,"column":4},"end":{"line":10,"column":22}},"7":{"start":{"line":15,"column":0},"end":{"line":15,"column":53}},"8":{"start":{"line":18,"column":0},"end":{"line":18,"column":24}}},"fnMap":{"0":{"name":"(anonymous_0)","decl":{"start":{"line":7,"column":24},"end":{"line":7,"column":25}},"loc":{"start":{"line":7,"column":44},"end":{"line":11,"column":1}},"line":7}},"branchMap":{},"s":{"0":1,"1":1,"2":1,"3":1,"4":1,"5":0,"6":0,"7":1,"8":1},"f":{"0":0},"b":{},"_coverageSchema":"1a1c01bbd47fc00a2c39e90264f33305004495a9","hash":"073b1f4ee40ca75a900b415b50bee9023811d8c7"}
,"C:\\Users\\USER\\Desktop\\Escuela\\TalentTech\\Programacion_Avanzada\\ejercicios\\backend\\res\\routers\\HouseRouters.js": {"path":"C:\\Users\\USER\\Desktop\\Escuela\\TalentTech\\Programacion_Avanzada\\ejercicios\\backend\\res\\routers\\HouseRouters.js","statementMap":{"0":{"start":{"line":2,"column":16},"end":{"line":2,"column":34}},"1":{"start":{"line":3,"column":15},"end":{"line":3,"column":32}},"2":{"start":{"line":6,"column":15},"end":{"line":6,"column":31}},"3":{"start":{"line":9,"column":24},"end":{"line":9,"column":68}},"4":{"start":{"line":10,"column":18},"end":{"line":10,"column":56}},"5":{"start":{"line":13,"column":16},"end":{"line":20,"column":2}},"6":{"start":{"line":15,"column":8},"end":{"line":15,"column":39}},"7":{"start":{"line":18,"column":8},"end":{"line":18,"column":55}},"8":{"start":{"line":22,"column":19},"end":{"line":28,"column":1}},"9":{"start":{"line":23,"column":4},"end":{"line":27,"column":5}},"10":{"start":{"line":24,"column":8},"end":{"line":24,"column":23}},"11":{"start":{"line":26,"column":8},"end":{"line":26,"column":50}},"12":{"start":{"line":30,"column":15},"end":{"line":33,"column":2}},"13":{"start":{"line":38,"column":0},"end":{"line":38,"column":49}},"14":{"start":{"line":39,"column":0},"end":{"line":39,"column":57}},"15":{"start":{"line":40,"column":0},"end":{"line":40,"column":52}},"16":{"start":{"line":41,"column":0},"end":{"line":41,"column":53}},"17":{"start":{"line":42,"column":0},"end":{"line":42,"column":60}},"18":{"start":{"line":43,"column":0},"end":{"line":43,"column":84}},"19":{"start":{"line":46,"column":0},"end":{"line":46,"column":24}}},"fnMap":{"0":{"name":"(anonymous_0)","decl":{"start":{"line":14,"column":17},"end":{"line":14,"column":18}},"loc":{"start":{"line":14,"column":41},"end":{"line":16,"column":5}},"line":14},"1":{"name":"(anonymous_1)","decl":{"start":{"line":17,"column":14},"end":{"line":17,"column":15}},"loc":{"start":{"line":17,"column":37},"end":{"line":19,"column":5}},"line":17},"2":{"name":"(anonymous_2)","decl":{"start":{"line":22,"column":19},"end":{"line":22,"column":20}},"loc":{"start":{"line":22,"column":37},"end":{"line":28,"column":1}},"line":22}},"branchMap":{"0":{"loc":{"start":{"line":23,"column":4},"end":{"line":27,"column":5}},"type":"if","locations":[{"start":{"line":23,"column":4},"end":{"line":27,"column":5}},{"start":{"line":25,"column":9},"end":{"line":27,"column":5}}],"line":23}},"s":{"0":1,"1":1,"2":1,"3":1,"4":1,"5":1,"6":0,"7":0,"8":1,"9":0,"10":0,"11":0,"12":1,"13":1,"14":1,"15":1,"16":1,"17":1,"18":1,"19":1},"f":{"0":0,"1":0,"2":0},"b":{"0":[0,0]},"_coverageSchema":"1a1c01bbd47fc00a2c39e90264f33305004495a9","hash":"7d92d229fb65680a3a62ac00b4fc40c481638c1c"}
,"C:\\Users\\USER\\Desktop\\Escuela\\TalentTech\\Programacion_Avanzada\\ejercicios\\backend\\res\\routers\\UserRouters.js": {"path":"C:\\Users\\USER\\Desktop\\Escuela\\TalentTech\\Programacion_Avanzada\\ejercicios\\backend\\res\\routers\\UserRouters.js","statementMap":{"0":{"start":{"line":2,"column":16},"end":{"line":2,"column":34}},"1":{"start":{"line":3,"column":15},"end":{"line":3,"column":32}},"2":{"start":{"line":6,"column":15},"end":{"line":6,"column":31}},"3":{"start":{"line":9,"column":23},"end":{"line":9,"column":66}},"4":{"start":{"line":10,"column":18},"end":{"line":10,"column":56}},"5":{"start":{"line":13,"column":22},"end":{"line":13,"column":42}},"6":{"start":{"line":16,"column":16},"end":{"line":23,"column":2}},"7":{"start":{"line":18,"column":8},"end":{"line":18,"column":37}},"8":{"start":{"line":21,"column":8},"end":{"line":21,"column":55}},"9":{"start":{"line":25,"column":19},"end":{"line":31,"column":1}},"10":{"start":{"line":26,"column":4},"end":{"line":30,"column":5}},"11":{"start":{"line":27,"column":8},"end":{"line":27,"column":23}},"12":{"start":{"line":29,"column":8},"end":{"line":29,"column":50}},"13":{"start":{"line":33,"column":15},"end":{"line":36,"column":2}},"14":{"start":{"line":40,"column":0},"end":{"line":40,"column":45}},"15":{"start":{"line":41,"column":0},"end":{"line":41,"column":80}},"16":{"start":{"line":42,"column":0},"end":{"line":42,"column":48}},"17":{"start":{"line":43,"column":0},"end":{"line":43,"column":49}},"18":{"start":{"line":44,"column":0},"end":{"line":44,"column":54}},"19":{"start":{"line":45,"column":0},"end":{"line":45,"column":44}},"20":{"start":{"line":46,"column":0},"end":{"line":46,"column":80}},"21":{"start":{"line":49,"column":0},"end":{"line":49,"column":24}}},"fnMap":{"0":{"name":"(anonymous_0)","decl":{"start":{"line":17,"column":17},"end":{"line":17,"column":18}},"loc":{"start":{"line":17,"column":41},"end":{"line":19,"column":5}},"line":17},"1":{"name":"(anonymous_1)","decl":{"start":{"line":20,"column":14},"end":{"line":20,"column":15}},"loc":{"start":{"line":20,"column":37},"end":{"line":22,"column":5}},"line":20},"2":{"name":"(anonymous_2)","decl":{"start":{"line":25,"column":19},"end":{"line":25,"column":20}},"loc":{"start":{"line":25,"column":37},"end":{"line":31,"column":1}},"line":25}},"branchMap":{"0":{"loc":{"start":{"line":26,"column":4},"end":{"line":30,"column":5}},"type":"if","locations":[{"start":{"line":26,"column":4},"end":{"line":30,"column":5}},{"start":{"line":28,"column":9},"end":{"line":30,"column":5}}],"line":26}},"s":{"0":1,"1":1,"2":1,"3":1,"4":1,"5":1,"6":1,"7":0,"8":0,"9":1,"10":0,"11":0,"12":0,"13":1,"14":1,"15":1,"16":1,"17":1,"18":1,"19":1,"20":1,"21":1},"f":{"0":0,"1":0,"2":0},"b":{"0":[0,0]},"_coverageSchema":"1a1c01bbd47fc00a2c39e90264f33305004495a9","hash":"19beae8d17c878eb46239841aef476dcbd01ccd8"}
}
