TN:
SF:res\index.js
FN:36,(anonymous_0)
FN:39,(anonymous_1)
FN:43,(anonymous_2)
FN:45,(anonymous_3)
FN:51,(anonymous_4)
FN:54,(anonymous_5)
FN:60,(anonymous_6)
FN:76,(anonymous_7)
FNF:8
FNH:3
FNDA:0,(anonymous_0)
FNDA:0,(anonymous_1)
FNDA:0,(anonymous_2)
FNDA:0,(anonymous_3)
FNDA:0,(anonymous_4)
FNDA:4,(anonymous_5)
FNDA:2,(anonymous_6)
FNDA:1,(anonymous_7)
DA:2,1
DA:3,1
DA:4,1
DA:5,1
DA:6,1
DA:9,1
DA:11,1
DA:14,1
DA:15,1
DA:16,1
DA:19,1
DA:20,1
DA:23,1
DA:26,1
DA:27,1
DA:28,1
DA:29,1
DA:32,1
DA:33,1
DA:36,1
DA:37,0
DA:39,0
DA:40,0
DA:41,0
DA:43,0
DA:44,0
DA:46,0
DA:51,1
DA:52,0
DA:54,1
DA:55,4
DA:56,4
DA:60,1
DA:61,2
DA:64,1
DA:67,1
DA:70,1
DA:71,1
DA:72,1
DA:73,1
DA:74,1
DA:76,1
DA:77,1
DA:80,1
LF:44
LH:36
BRDA:11,0,0,1
BRDA:11,0,1,0
BRF:2
BRH:1
end_of_record
TN:
SF:res\controllers\ChatController.js
FN:6,(anonymous_0)
FN:29,(anonymous_1)
FN:36,(anonymous_2)
FN:38,(anonymous_3)
FNF:4
FNH:0
FNDA:0,(anonymous_0)
FNDA:0,(anonymous_1)
FNDA:0,(anonymous_2)
FNDA:0,(anonymous_3)
DA:1,1
DA:2,1
DA:6,1
DA:7,0
DA:8,0
DA:15,0
DA:21,0
DA:22,0
DA:29,1
DA:30,0
DA:36,0
DA:37,0
DA:39,0
DA:47,1
LF:14
LH:5
BRF:0
BRH:0
end_of_record
TN:
SF:res\controllers\HouseController.js
FN:10,(anonymous_0)
FN:12,(anonymous_1)
FN:23,(anonymous_2)
FN:35,(anonymous_3)
FN:52,(anonymous_4)
FN:72,(anonymous_5)
FN:97,(anonymous_6)
FN:104,(anonymous_7)
FN:121,(anonymous_8)
FN:125,(anonymous_9)
FN:131,(anonymous_10)
FN:140,(anonymous_11)
FN:149,(anonymous_12)
FN:159,(anonymous_13)
FN:181,(anonymous_14)
FN:187,(anonymous_15)
FNF:16
FNH:0
FNDA:0,(anonymous_0)
FNDA:0,(anonymous_1)
FNDA:0,(anonymous_2)
FNDA:0,(anonymous_3)
FNDA:0,(anonymous_4)
FNDA:0,(anonymous_5)
FNDA:0,(anonymous_6)
FNDA:0,(anonymous_7)
FNDA:0,(anonymous_8)
FNDA:0,(anonymous_9)
FNDA:0,(anonymous_10)
FNDA:0,(anonymous_11)
FNDA:0,(anonymous_12)
FNDA:0,(anonymous_13)
FNDA:0,(anonymous_14)
FNDA:0,(anonymous_15)
DA:1,1
DA:2,1
DA:3,1
DA:5,1
DA:7,1
DA:13,0
DA:14,0
DA:15,0
DA:20,0
DA:23,0
DA:24,0
DA:25,0
DA:29,0
DA:30,0
DA:35,1
DA:36,0
DA:37,0
DA:38,0
DA:44,0
DA:52,1
DA:53,0
DA:54,0
DA:55,0
DA:58,0
DA:64,0
DA:72,1
DA:74,0
DA:77,0
DA:91,0
DA:96,0
DA:98,0
DA:105,0
DA:106,0
DA:110,0
DA:113,0
DA:121,1
DA:122,0
DA:124,0
DA:126,0
DA:132,0
DA:140,1
DA:141,0
DA:144,0
DA:145,0
DA:147,0
DA:148,0
DA:149,0
DA:150,0
DA:151,0
DA:152,0
DA:153,0
DA:156,0
DA:157,0
DA:158,0
DA:159,0
DA:160,0
DA:161,0
DA:162,0
DA:164,0
DA:165,0
DA:171,0
DA:177,0
DA:179,0
DA:182,0
DA:188,0
DA:189,0
DA:194,0
DA:201,0
DA:202,0
DA:210,1
LF:70
LH:11
BRDA:14,0,0,0
BRDA:14,0,1,0
BRDA:20,1,0,0
BRDA:20,1,1,0
BRDA:24,2,0,0
BRDA:24,2,1,0
BRDA:105,3,0,0
BRDA:105,3,1,0
BRDA:150,4,0,0
BRDA:150,4,1,0
BRDA:156,5,0,0
BRDA:156,5,1,0
BRDA:160,6,0,0
BRDA:160,6,1,0
BRDA:160,7,0,0
BRDA:160,7,1,0
BRDA:164,8,0,0
BRDA:164,8,1,0
BRDA:188,9,0,0
BRDA:188,9,1,0
BRF:20
BRH:0
end_of_record
TN:
SF:res\controllers\UploadImg.js
FN:5,(anonymous_0)
FN:8,(anonymous_1)
FN:22,(anonymous_2)
FN:29,(anonymous_3)
FN:43,(anonymous_4)
FN:57,(anonymous_5)
FN:64,(anonymous_6)
FNF:7
FNH:0
FNDA:0,(anonymous_0)
FNDA:0,(anonymous_1)
FNDA:0,(anonymous_2)
FNDA:0,(anonymous_3)
FNDA:0,(anonymous_4)
FNDA:0,(anonymous_5)
FNDA:0,(anonymous_6)
DA:1,1
DA:2,1
DA:8,1
DA:9,0
DA:10,0
DA:11,0
DA:16,0
DA:18,0
DA:22,0
DA:23,0
DA:30,0
DA:36,0
DA:43,1
DA:44,0
DA:45,0
DA:50,0
DA:51,0
DA:53,0
DA:57,0
DA:58,0
DA:65,0
DA:71,0
DA:79,1
LF:23
LH:5
BRDA:10,0,0,0
BRDA:10,0,1,0
BRDA:44,1,0,0
BRDA:44,1,1,0
BRF:4
BRH:0
end_of_record
TN:
SF:res\controllers\UserController.js
FN:10,(anonymous_0)
FN:12,(anonymous_1)
FN:21,(anonymous_2)
FN:33,(anonymous_3)
FN:50,(anonymous_4)
FN:70,(anonymous_5)
FN:98,(anonymous_6)
FN:104,(anonymous_7)
FN:121,(anonymous_8)
FN:125,(anonymous_9)
FN:131,(anonymous_10)
FN:140,(anonymous_11)
FN:154,(anonymous_12)
FN:160,(anonymous_13)
FN:187,(anonymous_14)
FNF:15
FNH:4
FNDA:1,(anonymous_0)
FNDA:0,(anonymous_1)
FNDA:0,(anonymous_2)
FNDA:1,(anonymous_3)
FNDA:0,(anonymous_4)
FNDA:0,(anonymous_5)
FNDA:0,(anonymous_6)
FNDA:0,(anonymous_7)
FNDA:0,(anonymous_8)
FNDA:0,(anonymous_9)
FNDA:0,(anonymous_10)
FNDA:1,(anonymous_11)
FNDA:0,(anonymous_12)
FNDA:1,(anonymous_13)
FNDA:0,(anonymous_14)
DA:1,1
DA:2,1
DA:3,1
DA:5,1
DA:7,1
DA:13,0
DA:14,0
DA:15,0
DA:20,0
DA:21,0
DA:22,0
DA:23,0
DA:27,0
DA:28,0
DA:33,1
DA:34,1
DA:35,1
DA:36,1
DA:42,0
DA:50,1
DA:51,0
DA:52,0
DA:53,0
DA:56,0
DA:62,0
DA:70,1
DA:72,0
DA:76,0
DA:77,0
DA:79,0
DA:83,0
DA:92,0
DA:97,0
DA:99,0
DA:105,0
DA:106,0
DA:110,0
DA:113,0
DA:121,1
DA:122,0
DA:124,0
DA:126,0
DA:132,0
DA:140,1
DA:141,1
DA:142,1
DA:144,1
DA:153,1
DA:155,0
DA:161,1
DA:162,0
DA:166,0
DA:167,0
DA:172,0
DA:179,0
DA:187,1
DA:188,0
DA:189,0
DA:193,0
DA:194,0
DA:198,0
DA:201,0
DA:206,0
DA:207,0
DA:211,0
DA:214,0
DA:222,0
DA:228,0
DA:236,1
LF:69
LH:20
BRDA:14,0,0,0
BRDA:14,0,1,0
BRDA:20,1,0,0
BRDA:20,1,1,0
BRDA:22,2,0,0
BRDA:22,2,1,0
BRDA:76,3,0,0
BRDA:76,3,1,0
BRDA:76,4,0,0
BRDA:76,4,1,0
BRDA:105,5,0,0
BRDA:105,5,1,0
BRDA:161,6,0,0
BRDA:161,6,1,0
BRDA:166,7,0,0
BRDA:166,7,1,0
BRDA:193,8,0,0
BRDA:193,8,1,0
BRDA:206,9,0,0
BRDA:206,9,1,0
BRF:20
BRH:0
end_of_record
TN:
SF:res\graphql\Schema.js
FN:15,(anonymous_0)
FN:42,(anonymous_1)
FN:63,(anonymous_2)
FN:105,(anonymous_3)
FNF:4
FNH:4
FNDA:1,(anonymous_0)
FNDA:1,(anonymous_1)
FNDA:1,(anonymous_2)
FNDA:1,(anonymous_3)
DA:10,1
DA:11,1
DA:13,1
DA:15,1
DA:40,1
DA:42,1
DA:61,1
DA:63,1
DA:103,1
DA:105,1
DA:118,1
DA:173,1
DA:178,1
DA:182,1
LF:14
LH:14
BRF:0
BRH:0
end_of_record
TN:
SF:res\graphql\resolvers.js
FN:6,(anonymous_0)
FN:10,(anonymous_1)
FN:18,(anonymous_2)
FN:26,(anonymous_3)
FN:40,(anonymous_4)
FN:54,(anonymous_5)
FN:62,(anonymous_6)
FN:70,(anonymous_7)
FNF:8
FNH:0
FNDA:0,(anonymous_0)
FNDA:0,(anonymous_1)
FNDA:0,(anonymous_2)
FNDA:0,(anonymous_3)
FNDA:0,(anonymous_4)
FNDA:0,(anonymous_5)
FNDA:0,(anonymous_6)
FNDA:0,(anonymous_7)
DA:1,1
DA:2,1
DA:3,1
DA:5,1
DA:7,0
DA:11,0
DA:12,0
DA:14,0
DA:19,0
DA:20,0
DA:22,0
DA:27,0
DA:28,0
DA:36,0
DA:41,0
DA:42,0
DA:50,0
DA:55,0
DA:56,0
DA:58,0
DA:63,0
DA:64,0
DA:66,0
DA:71,0
DA:72,0
DA:74,0
DA:75,0
DA:76,0
DA:81,0
DA:82,0
DA:87,0
DA:88,0
DA:94,0
DA:95,0
DA:99,0
DA:105,1
LF:36
LH:5
BRDA:74,0,0,0
BRDA:74,0,1,0
BRDA:75,1,0,0
BRDA:75,1,1,0
BRDA:81,2,0,0
BRDA:81,2,1,0
BRDA:87,3,0,0
BRDA:87,3,1,0
BRF:8
BRH:0
end_of_record
TN:
SF:res\models\Houses.js
FNF:0
FNH:0
DA:1,1
DA:3,1
DA:57,1
LF:3
LH:3
BRF:0
BRH:0
end_of_record
TN:
SF:res\models\Message.js
FNF:0
FNH:0
DA:1,1
DA:2,1
DA:4,1
DA:27,1
LF:4
LH:4
BRF:0
BRH:0
end_of_record
TN:
SF:res\models\User.js
FN:22,(anonymous_0)
FNF:1
FNH:1
FNDA:1,(anonymous_0)
DA:1,1
DA:3,1
DA:23,1
DA:41,1
LF:4
LH:4
BRF:0
BRH:0
end_of_record
TN:
SF:res\routers\ChatsRouters.js
FN:7,(anonymous_0)
FNF:1
FNH:0
FNDA:0,(anonymous_0)
DA:1,1
DA:2,1
DA:3,1
DA:5,1
DA:7,1
DA:9,0
DA:10,0
DA:15,1
DA:18,1
LF:9
LH:7
BRF:0
BRH:0
end_of_record
TN:
SF:res\routers\HouseRouters.js
FN:14,(anonymous_0)
FN:17,(anonymous_1)
FN:22,(anonymous_2)
FNF:3
FNH:0
FNDA:0,(anonymous_0)
FNDA:0,(anonymous_1)
FNDA:0,(anonymous_2)
DA:2,1
DA:3,1
DA:6,1
DA:9,1
DA:10,1
DA:13,1
DA:15,0
DA:18,0
DA:22,1
DA:23,0
DA:24,0
DA:26,0
DA:30,1
DA:38,1
DA:39,1
DA:40,1
DA:41,1
DA:42,1
DA:43,1
DA:46,1
LF:20
LH:15
BRDA:23,0,0,0
BRDA:23,0,1,0
BRF:2
BRH:0
end_of_record
TN:
SF:res\routers\UserRouters.js
FN:17,(anonymous_0)
FN:20,(anonymous_1)
FN:25,(anonymous_2)
FNF:3
FNH:0
FNDA:0,(anonymous_0)
FNDA:0,(anonymous_1)
FNDA:0,(anonymous_2)
DA:2,1
DA:3,1
DA:6,1
DA:9,1
DA:10,1
DA:13,1
DA:16,1
DA:18,0
DA:21,0
DA:25,1
DA:26,0
DA:27,0
DA:29,0
DA:33,1
DA:40,1
DA:41,1
DA:42,1
DA:43,1
DA:44,1
DA:45,1
DA:46,1
DA:49,1
LF:22
LH:17
BRDA:26,0,0,0
BRDA:26,0,1,0
BRF:2
BRH:0
end_of_record
